<?xml version="1.0" encoding="UTF-8"?>
<testng-results skipped="0" failed="0" ignored="0" total="1" passed="1">
  <reporter-output>
  </reporter-output>
  <suite name="Default suite" duration-ms="246127" started-at="2018-07-06T05:16:51Z" finished-at="2018-07-06T05:20:57Z">
    <groups>
    </groups>
    <test name="Default test" duration-ms="246127" started-at="2018-07-06T05:16:51Z" finished-at="2018-07-06T05:20:57Z">
      <class name="testScriptDefinitions.AdminModule.TC104_AddingProducts">
        <test-method status="PASS" signature="setUp()[pri:0, instance:testScriptDefinitions.AdminModule.TC104_AddingProducts@3234e239]" name="setUp" is-config="true" duration-ms="2591" started-at="2018-07-06T05:16:51Z" finished-at="2018-07-06T05:16:53Z">
          <reporter-output>
          </reporter-output>
        </test-method> <!-- setUp -->
        <test-method status="PASS" signature="scriptDefinition()[pri:0, instance:testScriptDefinitions.AdminModule.TC104_AddingProducts@3234e239]" name="scriptDefinition" duration-ms="243492" started-at="2018-07-06T05:16:53Z" finished-at="2018-07-06T05:20:57Z">
          <reporter-output>
          </reporter-output>
        </test-method> <!-- scriptDefinition -->
        <test-method status="PASS" signature="tearDown()[pri:0, instance:testScriptDefinitions.AdminModule.TC104_AddingProducts@3234e239]" name="tearDown" is-config="true" duration-ms="0" started-at="2018-07-06T05:20:57Z" finished-at="2018-07-06T05:20:57Z">
          <reporter-output>
          </reporter-output>
        </test-method> <!-- tearDown -->
      </class> <!-- testScriptDefinitions.AdminModule.TC104_AddingProducts -->
    </test> <!-- Default test -->
  </suite> <!-- Default suite -->
</testng-results>
