<?xml version="1.0" encoding="UTF-8"?>
<testng-results skipped="0" failed="0" ignored="0" total="1" passed="1">
  <reporter-output>
  </reporter-output>
  <suite name="Default suite" duration-ms="530421" started-at="2018-07-11T05:31:32Z" finished-at="2018-07-11T05:40:23Z">
    <groups>
    </groups>
    <test name="Default test" duration-ms="530421" started-at="2018-07-11T05:31:32Z" finished-at="2018-07-11T05:40:23Z">
      <class name="testScriptDefinitions.AdminModule.TC103_Admin_GeneralSettings">
        <test-method status="PASS" signature="setUp()[pri:0, instance:testScriptDefinitions.AdminModule.TC103_Admin_GeneralSettings@36b4cef0]" name="setUp" is-config="true" duration-ms="2581" started-at="2018-07-11T05:31:32Z" finished-at="2018-07-11T05:31:35Z">
          <reporter-output>
          </reporter-output>
        </test-method> <!-- setUp -->
        <test-method status="PASS" signature="scriptDefinition()[pri:0, instance:testScriptDefinitions.AdminModule.TC103_Admin_GeneralSettings@36b4cef0]" name="scriptDefinition" duration-ms="527796" started-at="2018-07-11T05:31:35Z" finished-at="2018-07-11T05:40:23Z">
          <reporter-output>
          </reporter-output>
        </test-method> <!-- scriptDefinition -->
        <test-method status="PASS" signature="tearDown()[pri:0, instance:testScriptDefinitions.AdminModule.TC103_Admin_GeneralSettings@36b4cef0]" name="tearDown" is-config="true" duration-ms="0" started-at="2018-07-11T05:40:23Z" finished-at="2018-07-11T05:40:23Z">
          <reporter-output>
          </reporter-output>
        </test-method> <!-- tearDown -->
      </class> <!-- testScriptDefinitions.AdminModule.TC103_Admin_GeneralSettings -->
    </test> <!-- Default test -->
  </suite> <!-- Default suite -->
</testng-results>
