<?xml version="1.0" encoding="UTF-8"?>
<!-- Generated by org.testng.reporters.JUnitXMLReporter -->
<testsuite hostname="DESKTOP-I7QHUC2" name="Test" tests="6" failures="0" timestamp="13 Jun 2018 05:25:18 GMT" time="342.634" errors="0">
  <testcase name="scriptDefinition" time="51.86" classname="testScriptDefinitions.Module1.TC102_AddingApps"/>
  <testcase name="scriptDefinition" time="47.619" classname="testScriptDefinitions.AdminModule.TC101_LoginIntoMaestrano"/>
  <testcase name="scriptDefinition" time="34.374" classname="testScriptDefinitions.Module1.TC101_LoginIntoMaestrano"/>
  <testcase name="scriptDefinition" time="101.906" classname="testScriptDefinitions.AdminModule.TC103_Admin_GeneralSettings"/>
  <testcase name="scriptDefinition" time="52.421" classname="testScriptDefinitions.Module1.TC103_AddingUsers"/>
  <testcase name="scriptDefinition" time="51.783" classname="testScriptDefinitions.Module1.TC104_LaunchingApp"/>
</testsuite> <!-- Test -->
