<?xml version="1.0" encoding="UTF-8"?>
<!-- Generated by org.testng.reporters.JUnitXMLReporter -->
<testsuite hostname="DESKTOP-I7QHUC2" ignored="2" name="Test" tests="2" failures="2" timestamp="16 Jul 2018 02:10:25 GMT" time="406.245" errors="0">
  <testcase name="scriptDefinition" time="187.216" classname="testScriptDefinitions.AdminModule.TC103_Admin_GeneralSettings">
    <failure type="java.lang.AssertionError" message="expected [true] but found [false]">
      <![CDATA[java.lang.AssertionError: expected [true] but found [false]
at frameworkLibrary.WebLibrary.logEvent(WebLibrary.java:914)
at testScriptDefinitions.AdminModule.TC103_Admin_GeneralSettings.scriptDefinition(TC103_Admin_GeneralSettings.java:270)
... Removed 29 stack frames]]>
    </failure>
  </testcase> <!-- scriptDefinition -->
  <testcase name="scriptDefinition" time="217.4" classname="testScriptDefinitions.AdminModule.TC104_AddingProducts">
    <failure type="java.lang.AssertionError" message="expected [true] but found [false]">
      <![CDATA[java.lang.AssertionError: expected [true] but found [false]
at frameworkLibrary.WebLibrary.logEvent(WebLibrary.java:914)
at testScriptDefinitions.AdminModule.TC104_AddingProducts.scriptDefinition(TC104_AddingProducts.java:342)
... Removed 29 stack frames]]>
    </failure>
  </testcase> <!-- scriptDefinition -->
  <testcase name="scriptDefinition" time="0.0" classname="testScriptDefinitions.AdminModule.TC101_LoginIntoMaestrano">
    <ignored/>
  </testcase> <!-- scriptDefinition -->
  <testcase name="scriptDefinition" time="0.0" classname="testScriptDefinitions.AdminModule.TC102_CustomersPage_AdminModule">
    <ignored/>
  </testcase> <!-- scriptDefinition -->
</testsuite> <!-- Test -->
