<?xml version="1.0" encoding="UTF-8"?>
<!-- Generated by org.testng.reporters.JUnitXMLReporter -->
<testsuite hostname="Ankit-PC" ignored="1" name="Test(failed)" tests="1" failures="0" timestamp="27 May 2017 07:59:44 GMT" time="45.667" errors="0">
  <testcase name="TC102_AddDependenciesAndVerify" time="45.605" classname="com.tm.hrm.TestScriptDefinitions.Module1"/>
  <testcase name="TC101_AddEmergencyContactsAndVerify" time="0.0" classname="com.tm.hrm.TestScriptDefinitions.Module1">
    <ignored/>
  </testcase> <!-- TC101_AddEmergencyContactsAndVerify -->
</testsuite> <!-- Test(failed) -->
